<?xml version="1.0" encoding="UTF-8"?>
<testng-results skipped="0" failed="0" total="2" passed="2">
  <reporter-output>
  </reporter-output>
  <suite name="Default suite" duration-ms="41158" started-at="2015-12-03T22:12:14Z" finished-at="2015-12-03T22:12:56Z">
    <groups>
    </groups>
    <test name="Default test" duration-ms="41158" started-at="2015-12-03T22:12:14Z" finished-at="2015-12-03T22:12:56Z">
      <class name="test.EToETranscationFlow">
        <test-method status="PASS" signature="setupAndLoginTest()[pri:0, instance:test.EToETranscationFlow@7907ec20]" name="setupAndLoginTest" duration-ms="16249" started-at="2015-12-03T15:12:14Z" finished-at="2015-12-03T15:12:31Z">
          <reporter-output>
          </reporter-output>
        </test-method> <!-- setupAndLoginTest -->
        <test-method status="PASS" signature="transactionFlowTest()[pri:0, instance:test.EToETranscationFlow@7907ec20]" name="transactionFlowTest" duration-ms="24892" started-at="2015-12-03T15:12:31Z" finished-at="2015-12-03T15:12:56Z">
          <reporter-output>
          </reporter-output>
        </test-method> <!-- transactionFlowTest -->
      </class> <!-- test.EToETranscationFlow -->
    </test> <!-- Default test -->
  </suite> <!-- Default suite -->
</testng-results>
